  [1m[35m (1472.8ms)[0m  [1m[35mCREATE DATABASE "bank_app_api_development" ENCODING = 'unicode'[0m
  [1m[35m (1576.8ms)[0m  [1m[35mCREATE DATABASE "bank_app_api_test" ENCODING = 'unicode'[0m
  [1m[35m (159.0ms)[0m  [1m[35mCREATE TABLE "schema_migrations" ("version" character varying NOT NULL PRIMARY KEY)[0m
  [1m[35m (125.1ms)[0m  [1m[35mCREATE TABLE "ar_internal_metadata" ("key" character varying NOT NULL PRIMARY KEY, "value" character varying, "created_at" timestamp(6) NOT NULL, "updated_at" timestamp(6) NOT NULL)[0m
  [1m[35m (0.5ms)[0m  [1m[34mSELECT pg_try_advisory_lock(339257007460641060)[0m
  [1m[35m (3.1ms)[0m  [1m[34mSELECT "schema_migrations"."version" FROM "schema_migrations" ORDER BY "schema_migrations"."version" ASC[0m
Migrating to CreateUsers (20211001134159)
  [1m[35m (2.1ms)[0m  [1m[35mBEGIN[0m
  [1m[35m (73.2ms)[0m  [1m[35mCREATE TABLE "users" ("id" bigserial primary key, "first_name" character varying, "last_name" character varying, "middle_name" character varying, "email" character varying, "user_number" character varying, "address" character varying, "phone_number" character varying, "username" character varying, "password_digest" character varying, "created_at" timestamp(6) NOT NULL, "updated_at" timestamp(6) NOT NULL)[0m
  [1m[36mActiveRecord::SchemaMigration Create (10.0ms)[0m  [1m[32mINSERT INTO "schema_migrations" ("version") VALUES ($1) RETURNING "version"[0m  [["version", "20211001134159"]]
  [1m[35m (18.8ms)[0m  [1m[35mCOMMIT[0m
  [1m[36mActiveRecord::InternalMetadata Load (0.7ms)[0m  [1m[34mSELECT "ar_internal_metadata".* FROM "ar_internal_metadata" WHERE "ar_internal_metadata"."key" = $1 LIMIT $2[0m  [["key", "environment"], ["LIMIT", 1]]
  [1m[35m (0.3ms)[0m  [1m[35mBEGIN[0m
  [1m[36mActiveRecord::InternalMetadata Create (18.1ms)[0m  [1m[32mINSERT INTO "ar_internal_metadata" ("key", "value", "created_at", "updated_at") VALUES ($1, $2, $3, $4) RETURNING "key"[0m  [["key", "environment"], ["value", "development"], ["created_at", "2021-10-01 13:52:45.905371"], ["updated_at", "2021-10-01 13:52:45.905371"]]
  [1m[35m (17.4ms)[0m  [1m[35mCOMMIT[0m
  [1m[35m (0.5ms)[0m  [1m[34mSELECT pg_advisory_unlock(339257007460641060)[0m
  [1m[35m (1.4ms)[0m  [1m[34mSELECT "schema_migrations"."version" FROM "schema_migrations" ORDER BY "schema_migrations"."version" ASC[0m
  [1m[35m (4.6ms)[0m  [1m[34mSELECT pg_try_advisory_lock(339257007460641060)[0m
  [1m[35m (1.4ms)[0m  [1m[34mSELECT "schema_migrations"."version" FROM "schema_migrations" ORDER BY "schema_migrations"."version" ASC[0m
Migrating to CreateBankAccounts (20211001135455)
  [1m[35m (0.3ms)[0m  [1m[35mBEGIN[0m
  [1m[35m (439.6ms)[0m  [1m[35mCREATE TABLE "bank_accounts" ("id" bigserial primary key, "user_id" bigint NOT NULL, "balance" decimal, "account_number" character varying, "created_at" timestamp(6) NOT NULL, "updated_at" timestamp(6) NOT NULL, CONSTRAINT "fk_rails_92daa8a387"
FOREIGN KEY ("user_id")
  REFERENCES "users" ("id")
)[0m
  [1m[35m (56.1ms)[0m  [1m[35mCREATE  INDEX  "index_bank_accounts_on_user_id" ON "bank_accounts"  ("user_id")[0m
  [1m[36mActiveRecord::SchemaMigration Create (0.6ms)[0m  [1m[32mINSERT INTO "schema_migrations" ("version") VALUES ($1) RETURNING "version"[0m  [["version", "20211001135455"]]
  [1m[35m (22.8ms)[0m  [1m[35mCOMMIT[0m
Migrating to CreateAccountTransactions (20211001140045)
  [1m[35m (1.1ms)[0m  [1m[34mSELECT pg_advisory_unlock(339257007460641060)[0m
  [1m[35m (0.4ms)[0m  [1m[34mSELECT pg_try_advisory_lock(339257007460641060)[0m
  [1m[35m (1.5ms)[0m  [1m[34mSELECT "schema_migrations"."version" FROM "schema_migrations" ORDER BY "schema_migrations"."version" ASC[0m
Migrating to CreateAccountTransactions (20211001140045)
  [1m[35m (0.5ms)[0m  [1m[34mSELECT pg_advisory_unlock(339257007460641060)[0m
  [1m[35m (0.6ms)[0m  [1m[34mSELECT pg_try_advisory_lock(339257007460641060)[0m
  [1m[35m (1.2ms)[0m  [1m[34mSELECT "schema_migrations"."version" FROM "schema_migrations" ORDER BY "schema_migrations"."version" ASC[0m
Migrating to CreateAccountTransactions (20211001140045)
  [1m[35m (0.5ms)[0m  [1m[34mSELECT pg_advisory_unlock(339257007460641060)[0m
  [1m[35m (0.4ms)[0m  [1m[34mSELECT pg_try_advisory_lock(339257007460641060)[0m
  [1m[35m (1.2ms)[0m  [1m[34mSELECT "schema_migrations"."version" FROM "schema_migrations" ORDER BY "schema_migrations"."version" ASC[0m
Migrating to CreateBankAccounts (20211001141351)
  [1m[35m (0.3ms)[0m  [1m[35mBEGIN[0m
  [1m[35m (229.3ms)[0m  [1m[35mCREATE TABLE "bank_accounts" ("id" bigserial primary key, "user_id" bigint NOT NULL, "balance" decimal, "account_number" character varying, "created_at" timestamp(6) NOT NULL, "updated_at" timestamp(6) NOT NULL, CONSTRAINT "fk_rails_92daa8a387"
FOREIGN KEY ("user_id")
  REFERENCES "users" ("id")
)[0m
  [1m[35m (0.3ms)[0m  [1m[31mROLLBACK[0m
  [1m[35m (0.6ms)[0m  [1m[34mSELECT pg_advisory_unlock(339257007460641060)[0m
  [1m[35m (1.2ms)[0m  [1m[34mSELECT "schema_migrations"."version" FROM "schema_migrations" ORDER BY "schema_migrations"."version" ASC[0m
  [1m[35m (0.6ms)[0m  [1m[34mSELECT "ar_internal_metadata"."value" FROM "ar_internal_metadata" WHERE "ar_internal_metadata"."key" = $1[0m  [["key", "environment"]]
  [1m[35m (0.5ms)[0m  [1m[34mSELECT "schema_migrations"."version" FROM "schema_migrations" ORDER BY "schema_migrations"."version" ASC[0m
  [1m[35m (0.4ms)[0m  [1m[34mSELECT "ar_internal_metadata"."value" FROM "ar_internal_metadata" WHERE "ar_internal_metadata"."key" = $1[0m  [["key", "environment"]]
  [1m[35m (0.4ms)[0m  [1m[34mSELECT "schema_migrations"."version" FROM "schema_migrations" ORDER BY "schema_migrations"."version" ASC[0m
  [1m[35m (0.5ms)[0m  [1m[34mSELECT "ar_internal_metadata"."value" FROM "ar_internal_metadata" WHERE "ar_internal_metadata"."key" = $1[0m  [["key", "environment"]]
  [1m[35m (355.8ms)[0m  [1m[35mDROP DATABASE IF EXISTS "bank_app_api_development"[0m
  [1m[35m (256.8ms)[0m  [1m[35mDROP DATABASE IF EXISTS "bank_app_api_test"[0m
  [1m[35m (864.4ms)[0m  [1m[35mCREATE DATABASE "bank_app_api_development" ENCODING = 'unicode'[0m
  [1m[35m (1525.5ms)[0m  [1m[35mCREATE DATABASE "bank_app_api_test" ENCODING = 'unicode'[0m
  [1m[35m (123.0ms)[0m  [1m[35mCREATE TABLE "schema_migrations" ("version" character varying NOT NULL PRIMARY KEY)[0m
  [1m[35m (88.5ms)[0m  [1m[35mCREATE TABLE "ar_internal_metadata" ("key" character varying NOT NULL PRIMARY KEY, "value" character varying, "created_at" timestamp(6) NOT NULL, "updated_at" timestamp(6) NOT NULL)[0m
  [1m[35m (0.5ms)[0m  [1m[34mSELECT pg_try_advisory_lock(339257007460641060)[0m
  [1m[35m (1.0ms)[0m  [1m[34mSELECT "schema_migrations"."version" FROM "schema_migrations" ORDER BY "schema_migrations"."version" ASC[0m
Migrating to CreateUsers (20211001134159)
  [1m[35m (0.3ms)[0m  [1m[35mBEGIN[0m
  [1m[35m (77.5ms)[0m  [1m[35mCREATE TABLE "users" ("id" bigserial primary key, "first_name" character varying, "last_name" character varying, "middle_name" character varying, "email" character varying, "user_number" character varying, "address" character varying, "phone_number" character varying, "username" character varying, "password_digest" character varying, "created_at" timestamp(6) NOT NULL, "updated_at" timestamp(6) NOT NULL)[0m
  [1m[36mActiveRecord::SchemaMigration Create (1.0ms)[0m  [1m[32mINSERT INTO "schema_migrations" ("version") VALUES ($1) RETURNING "version"[0m  [["version", "20211001134159"]]
  [1m[35m (23.8ms)[0m  [1m[35mCOMMIT[0m
Migrating to CreateBankAccounts (20211001141351)
  [1m[35m (0.3ms)[0m  [1m[35mBEGIN[0m
  [1m[35m (99.6ms)[0m  [1m[35mCREATE TABLE "bank_accounts" ("id" bigserial primary key, "user_id" bigint NOT NULL, "balance" decimal, "account_number" character varying, "created_at" timestamp(6) NOT NULL, "updated_at" timestamp(6) NOT NULL, CONSTRAINT "fk_rails_92daa8a387"
FOREIGN KEY ("user_id")
  REFERENCES "users" ("id")
)[0m
  [1m[35m (49.1ms)[0m  [1m[35mCREATE  INDEX  "index_bank_accounts_on_user_id" ON "bank_accounts"  ("user_id")[0m
  [1m[36mActiveRecord::SchemaMigration Create (0.8ms)[0m  [1m[32mINSERT INTO "schema_migrations" ("version") VALUES ($1) RETURNING "version"[0m  [["version", "20211001141351"]]
  [1m[35m (23.7ms)[0m  [1m[35mCOMMIT[0m
  [1m[36mActiveRecord::InternalMetadata Load (0.6ms)[0m  [1m[34mSELECT "ar_internal_metadata".* FROM "ar_internal_metadata" WHERE "ar_internal_metadata"."key" = $1 LIMIT $2[0m  [["key", "environment"], ["LIMIT", 1]]
  [1m[35m (0.3ms)[0m  [1m[35mBEGIN[0m
  [1m[36mActiveRecord::InternalMetadata Create (0.9ms)[0m  [1m[32mINSERT INTO "ar_internal_metadata" ("key", "value", "created_at", "updated_at") VALUES ($1, $2, $3, $4) RETURNING "key"[0m  [["key", "environment"], ["value", "development"], ["created_at", "2021-10-01 14:17:03.909600"], ["updated_at", "2021-10-01 14:17:03.909600"]]
  [1m[35m (12.5ms)[0m  [1m[35mCOMMIT[0m
  [1m[35m (0.7ms)[0m  [1m[34mSELECT pg_advisory_unlock(339257007460641060)[0m
  [1m[35m (1.5ms)[0m  [1m[34mSELECT "schema_migrations"."version" FROM "schema_migrations" ORDER BY "schema_migrations"."version" ASC[0m
  [1m[35m (0.6ms)[0m  [1m[34mSELECT pg_try_advisory_lock(339257007460641060)[0m
  [1m[35m (1.2ms)[0m  [1m[34mSELECT "schema_migrations"."version" FROM "schema_migrations" ORDER BY "schema_migrations"."version" ASC[0m
Migrating to CreateAccountTransactions (20211001141831)
  [1m[35m (0.3ms)[0m  [1m[35mBEGIN[0m
  [1m[35m (82.7ms)[0m  [1m[35mCREATE TABLE "account_transactions" ("id" bigserial primary key, "amount" decimal, "transaction_type" character varying, "transaction_number" character varying, "bank_account_id" bigint NOT NULL, "created_at" timestamp(6) NOT NULL, "updated_at" timestamp(6) NOT NULL, CONSTRAINT "fk_rails_921555237e"
FOREIGN KEY ("bank_account_id")
  REFERENCES "bank_accounts" ("id")
)[0m
  [1m[35m (146.0ms)[0m  [1m[35mCREATE  INDEX  "index_account_transactions_on_bank_account_id" ON "account_transactions"  ("bank_account_id")[0m
  [1m[36mActiveRecord::SchemaMigration Create (2.2ms)[0m  [1m[32mINSERT INTO "schema_migrations" ("version") VALUES ($1) RETURNING "version"[0m  [["version", "20211001141831"]]
  [1m[35m (22.3ms)[0m  [1m[35mCOMMIT[0m
  [1m[36mActiveRecord::InternalMetadata Load (0.5ms)[0m  [1m[34mSELECT "ar_internal_metadata".* FROM "ar_internal_metadata" WHERE "ar_internal_metadata"."key" = $1 LIMIT $2[0m  [["key", "environment"], ["LIMIT", 1]]
  [1m[35m (0.5ms)[0m  [1m[34mSELECT pg_advisory_unlock(339257007460641060)[0m
  [1m[35m (1.5ms)[0m  [1m[34mSELECT "schema_migrations"."version" FROM "schema_migrations" ORDER BY "schema_migrations"."version" ASC[0m
Started GET "/" for ::1 at 2021-10-01 17:12:25 +0100
  [1m[35m (9.9ms)[0m  [1m[34mSELECT "schema_migrations"."version" FROM "schema_migrations" ORDER BY "schema_migrations"."version" ASC[0m
Processing by Rails::WelcomeController#index as HTML
  Rendering /home/namdy/.rvm/gems/ruby-2.7.1/gems/railties-6.0.4.1/lib/rails/templates/rails/welcome/index.html.erb
  Rendered /home/namdy/.rvm/gems/ruby-2.7.1/gems/railties-6.0.4.1/lib/rails/templates/rails/welcome/index.html.erb (Duration: 32.9ms | Allocations: 406)
Completed 200 OK in 101ms (Views: 63.4ms | ActiveRecord: 0.0ms | Allocations: 2233)


Started GET "/favicon.ico" for ::1 at 2021-10-01 17:12:27 +0100
  
ActionController::RoutingError (No route matches [GET] "/favicon.ico"):
  
actionpack (6.0.4.1) lib/action_dispatch/middleware/debug_exceptions.rb:36:in `call'
actionpack (6.0.4.1) lib/action_dispatch/middleware/show_exceptions.rb:33:in `call'
railties (6.0.4.1) lib/rails/rack/logger.rb:37:in `call_app'
railties (6.0.4.1) lib/rails/rack/logger.rb:26:in `block in call'
activesupport (6.0.4.1) lib/active_support/tagged_logging.rb:80:in `block in tagged'
activesupport (6.0.4.1) lib/active_support/tagged_logging.rb:28:in `tagged'
activesupport (6.0.4.1) lib/active_support/tagged_logging.rb:80:in `tagged'
railties (6.0.4.1) lib/rails/rack/logger.rb:26:in `call'
actionpack (6.0.4.1) lib/action_dispatch/middleware/remote_ip.rb:81:in `call'
actionpack (6.0.4.1) lib/action_dispatch/middleware/request_id.rb:27:in `call'
rack (2.2.3) lib/rack/runtime.rb:22:in `call'
activesupport (6.0.4.1) lib/active_support/cache/strategy/local_cache_middleware.rb:29:in `call'
actionpack (6.0.4.1) lib/action_dispatch/middleware/executor.rb:14:in `call'
actionpack (6.0.4.1) lib/action_dispatch/middleware/static.rb:126:in `call'
rack (2.2.3) lib/rack/sendfile.rb:110:in `call'
actionpack (6.0.4.1) lib/action_dispatch/middleware/host_authorization.rb:82:in `call'
rack-cors (1.1.1) lib/rack/cors.rb:100:in `call'
railties (6.0.4.1) lib/rails/engine.rb:527:in `call'
puma (4.3.8) lib/puma/configuration.rb:228:in `call'
puma (4.3.8) lib/puma/server.rb:718:in `handle_request'
puma (4.3.8) lib/puma/server.rb:472:in `process_client'
puma (4.3.8) lib/puma/server.rb:328:in `block in run'
puma (4.3.8) lib/puma/thread_pool.rb:134:in `block in spawn_thread'
  [1m[35m (0.3ms)[0m  [1m[35mBEGIN[0m
  [1m[36mUser Exists? (73.3ms)[0m  [1m[34mSELECT 1 AS one FROM "users" WHERE "users"."email" = $1 LIMIT $2[0m  [["email", "ezenna@ymail.com"], ["LIMIT", 1]]
  [1m[36mUser Exists? (0.6ms)[0m  [1m[34mSELECT 1 AS one FROM "users" WHERE "users"."username" = $1 LIMIT $2[0m  [["username", "ubaka"], ["LIMIT", 1]]
  [1m[36mUser Create (55.6ms)[0m  [1m[32mINSERT INTO "users" ("first_name", "last_name", "middle_name", "email", "user_number", "address", "phone_number", "username", "password_digest", "created_at", "updated_at") VALUES ($1, $2, $3, $4, $5, $6, $7, $8, $9, $10, $11) RETURNING "id"[0m  [["first_name", "RAPHAEL"], ["last_name", "LUMUMBA"], ["middle_name", "EZEALA"], ["email", "ezenna@ymail.com"], ["user_number", "0675298765"], ["address", "10 eze chief paul street, PH"], ["phone_number", "09087609876"], ["username", "ubaka"], ["password_digest", "123456"], ["created_at", "2021-10-01 16:30:06.954865"], ["updated_at", "2021-10-01 16:30:06.954865"]]
  [1m[35m (28.6ms)[0m  [1m[35mCOMMIT[0m
  [1m[36mUser Load (0.5ms)[0m  [1m[34mSELECT "users".* FROM "users" ORDER BY "users"."id" DESC LIMIT $1[0m  [["LIMIT", 1]]
  [1m[35m (0.3ms)[0m  [1m[35mBEGIN[0m
  [1m[36mBankAccount Exists? (13.8ms)[0m  [1m[34mSELECT 1 AS one FROM "bank_accounts" WHERE "bank_accounts"."account_number" = $1 LIMIT $2[0m  [["account_number", "6754398763"], ["LIMIT", 1]]
  [1m[36mBankAccount Create (26.4ms)[0m  [1m[32mINSERT INTO "bank_accounts" ("user_id", "balance", "account_number", "created_at", "updated_at") VALUES ($1, $2, $3, $4, $5) RETURNING "id"[0m  [["user_id", 1], ["balance", "0.0"], ["account_number", "6754398763"], ["created_at", "2021-10-01 16:44:58.069458"], ["updated_at", "2021-10-01 16:44:58.069458"]]
  [1m[35m (19.4ms)[0m  [1m[35mCOMMIT[0m
